<?xml version="1.0" encoding="utf-8"?><testsuites name="pytest tests"><testsuite name="pytest" errors="0" failures="0" skipped="0" tests="7" time="1.306" timestamp="2026-04-24T16:07:30.144789+00:00" hostname="agent-env-de0a05a1-3a4e-432a-9c26-ea61dab293bd"><testcase classname="backend.tests.test_iteration21_try" name="test_health" time="0.196" /><testcase classname="backend.tests.test_iteration21_try" name="test_login_works" time="0.116" /><testcase classname="backend.tests.test_iteration21_try" name="test_profile_balance_usd" time="0.125" /><testcase classname="backend.tests.test_iteration21_try" name="test_deposit_request_with_usd" time="0.229" /><testcase classname="backend.tests.test_iteration21_try" name="test_withdrawal_request_with_usd" time="0.300" /><testcase classname="backend.tests.test_iteration21_try" name="test_portfolios_list" time="0.167" /><testcase classname="backend.tests.test_iteration21_try" name="test_admin_dashboard" time="0.117" /></testsuite></testsuites>