<?xml version="1.0" encoding="utf-8"?><testsuites name="pytest tests"><testsuite name="pytest" errors="0" failures="1" skipped="0" tests="16" time="1.267" timestamp="2026-01-26T09:55:17.443185+00:00" hostname="agent-env-b8791dba-510d-4e5b-969d-9f8b0dfe0f8d"><testcase classname="backend.tests.test_iteration15.TestAuthEndpoints" name="test_login_success" time="0.112" /><testcase classname="backend.tests.test_iteration15.TestAuthEndpoints" name="test_login_invalid_credentials" time="0.075" /><testcase classname="backend.tests.test_iteration15.TestAuthEndpoints" name="test_get_me_authenticated" time="0.081" /><testcase classname="backend.tests.test_iteration15.TestAuthEndpoints" name="test_get_me_unauthenticated" time="0.041" /><testcase classname="backend.tests.test_iteration15.TestPortfolioEndpoints" name="test_get_portfolios_list" time="0.035" /><testcase classname="backend.tests.test_iteration15.TestPortfolioEndpoints" name="test_get_single_portfolio" time="0.071" /><testcase classname="backend.tests.test_iteration15.TestPortfolioEndpoints" name="test_get_portfolio_not_found" time="0.036" /><testcase classname="backend.tests.test_iteration15.TestPortfolioEndpoints" name="test_get_featured_portfolios" time="0.039" /><testcase classname="backend.tests.test_iteration15.TestUserEndpoints" name="test_get_user_transactions" time="0.073" /><testcase classname="backend.tests.test_iteration15.TestUserEndpoints" name="test_get_profit_analytics" time="0.069" /><testcase classname="backend.tests.test_iteration15.TestInvestmentEndpoints" name="test_get_investments" time="0.076" /><testcase classname="backend.tests.test_iteration15.TestInvestmentEndpoints" name="test_create_investment_with_signature" time="0.121" /><testcase classname="backend.tests.test_iteration15.TestAdminEndpoints" name="test_admin_get_users" time="0.113" /><testcase classname="backend.tests.test_iteration15.TestAdminEndpoints" name="test_admin_get_all_investments" time="0.107"><failure message="AssertionError: Get investments failed: {&quot;detail&quot;:&quot;Not Found&quot;}&#10;assert 404 == 200&#10; +  where 404 = &lt;Response [404]&gt;.status_code">backend/tests/test_iteration15.py:296: in test_admin_get_all_investments
    assert response.status_code == 200, f"Get investments failed: {response.text}"
E   AssertionError: Get investments failed: {"detail":"Not Found"}
E   assert 404 == 200
E    +  where 404 = &lt;Response [404]&gt;.status_code</failure></testcase><testcase classname="backend.tests.test_iteration15.TestHealthAndMisc" name="test_api_root_accessible" time="0.034" /><testcase classname="backend.tests.test_iteration15.TestHealthAndMisc" name="test_cors_headers" time="0.035" /></testsuite></testsuites>