<?xml version="1.0" encoding="utf-8"?><testsuites name="pytest tests"><testsuite name="pytest" errors="0" failures="0" skipped="0" tests="12" time="0.947" timestamp="2026-01-28T11:31:36.596264+00:00" hostname="agent-env-a69f8a7c-4f03-4eeb-bc7a-2c001154fd3b"><testcase classname="backend.tests.test_investment_logic_iter20.TestAdminLogin" name="test_admin_login_success" time="0.064" /><testcase classname="backend.tests.test_investment_logic_iter20.TestAdminLogin" name="test_admin_dashboard_access" time="0.081" /><testcase classname="backend.tests.test_investment_logic_iter20.TestPortfolioDisplayStats" name="test_get_portfolios_list" time="0.080" /><testcase classname="backend.tests.test_investment_logic_iter20.TestPortfolioDisplayStats" name="test_portfolio_stats_endpoint" time="0.123" /><testcase classname="backend.tests.test_investment_logic_iter20.TestPortfolioDisplayStats" name="test_update_portfolio_display_stats" time="0.156" /><testcase classname="backend.tests.test_investment_logic_iter20.TestTermBasedInterestRates" name="test_portfolio_has_returns_by_term" time="0.111" /><testcase classname="backend.tests.test_investment_logic_iter20.TestTermBasedInterestRates" name="test_portfolio_form_shows_term_rate_label" time="0.073" /><testcase classname="backend.tests.test_investment_logic_iter20.TestCompoundInterestCalculation" name="test_investment_with_auto_reinvest" time="0.084" /><testcase classname="backend.tests.test_investment_logic_iter20.TestCompoundInterestCalculation" name="test_profit_calculation_logic" time="0.000" /><testcase classname="backend.tests.test_investment_logic_iter20.TestInvestmentCalculator" name="test_calculator_endpoint_exists" time="0.035" /><testcase classname="backend.tests.test_investment_logic_iter20.TestHealthCheck" name="test_api_health" time="0.032" /><testcase classname="backend.tests.test_investment_logic_iter20.TestHealthCheck" name="test_root_endpoint" time="0.040" /></testsuite></testsuites>