<?xml version="1.0" encoding="utf-8"?><testsuites name="pytest tests"><testsuite name="pytest" errors="0" failures="0" skipped="0" tests="14" time="1.418" timestamp="2026-01-23T14:25:25.594472+00:00" hostname="agent-env-2c08a547-dbaa-4542-a995-02697d0c2ba0"><testcase classname="backend.tests.test_iteration7.TestHealthAndAuth" name="test_health_endpoint" time="0.078" /><testcase classname="backend.tests.test_iteration7.TestHealthAndAuth" name="test_admin_login" time="0.043" /><testcase classname="backend.tests.test_iteration7.TestContractTemplates" name="test_get_contract_templates" time="0.082" /><testcase classname="backend.tests.test_iteration7.TestContractTemplates" name="test_create_contract_template" time="0.081" /><testcase classname="backend.tests.test_iteration7.TestContractTemplates" name="test_template_preview_pdf_cyrillic" time="0.160" /><testcase classname="backend.tests.test_iteration7.TestContractTemplates" name="test_cleanup_test_template" time="0.139" /><testcase classname="backend.tests.test_iteration7.TestProfitAccrual" name="test_accrue_profits_endpoint_exists" time="0.131" /><testcase classname="backend.tests.test_iteration7.TestProfitAccrual" name="test_accrue_profits_requires_admin" time="0.040" /><testcase classname="backend.tests.test_iteration7.TestPDFGeneration" name="test_investment_contract_pdf" time="0.179" /><testcase classname="backend.tests.test_iteration7.TestAdminTemplatesNavigation" name="test_templates_list_endpoint" time="0.076" /><testcase classname="backend.tests.test_iteration7.TestDashboardWalletEndpoints" name="test_brokers_endpoint" time="0.077" /><testcase classname="backend.tests.test_iteration7.TestDashboardWalletEndpoints" name="test_company_bank_info_endpoint" time="0.081" /><testcase classname="backend.tests.test_iteration7.TestDashboardWalletEndpoints" name="test_deposit_requests_endpoint" time="0.078" /><testcase classname="backend.tests.test_iteration7.TestDashboardWalletEndpoints" name="test_withdrawal_requests_endpoint" time="0.115" /></testsuite></testsuites>