<?xml version="1.0" encoding="utf-8"?><testsuites name="pytest tests"><testsuite name="pytest" errors="0" failures="0" skipped="0" tests="10" time="3.161" timestamp="2026-01-23T13:42:48.511667+00:00" hostname="agent-env-2c08a547-dbaa-4542-a995-02697d0c2ba0"><testcase classname="backend.tests.test_iteration6.TestHealthAndAuth" name="test_health_endpoint" time="0.103" /><testcase classname="backend.tests.test_iteration6.TestHealthAndAuth" name="test_admin_login" time="0.040" /><testcase classname="backend.tests.test_iteration6.TestAdminPortfolios" name="test_get_admin_portfolios" time="0.083" /><testcase classname="backend.tests.test_iteration6.TestAdminPortfolios" name="test_create_portfolio_with_dynamic_durations" time="0.158" /><testcase classname="backend.tests.test_iteration6.TestTranslateAPI" name="test_translate_endpoint_exists" time="0.076" /><testcase classname="backend.tests.test_iteration6.TestTranslateAPI" name="test_translate_text" time="2.122" /><testcase classname="backend.tests.test_iteration6.TestContractTemplates" name="test_get_contract_templates" time="0.076" /><testcase classname="backend.tests.test_iteration6.TestInvestmentAndPDF" name="test_get_portfolios_for_investment" time="0.077" /><testcase classname="backend.tests.test_iteration6.TestInvestmentAndPDF" name="test_pdf_contract_generation" time="0.168" /><testcase classname="backend.tests.test_iteration6.TestCanvasSignature" name="test_investment_with_canvas_signature" time="0.202" /></testsuite></testsuites>