<?xml version="1.0" encoding="utf-8"?><testsuites name="pytest tests"><testsuite name="pytest" errors="0" failures="0" skipped="0" tests="9" time="0.633" timestamp="2026-01-23T15:28:46.935718+00:00" hostname="agent-env-2ff0a5b5-6e4c-494c-98bc-293e9027dfe5"><testcase classname="backend.tests.test_iteration8.TestAccountNumber" name="test_login_returns_account_number" time="0.078" /><testcase classname="backend.tests.test_iteration8.TestAccountNumber" name="test_get_me_returns_account_number" time="0.078" /><testcase classname="backend.tests.test_iteration8.TestPortfolios" name="test_portfolios_return_expected_return" time="0.037" /><testcase classname="backend.tests.test_iteration8.TestPortfolios" name="test_portfolios_have_duration_info" time="0.043" /><testcase classname="backend.tests.test_iteration8.TestTransactions" name="test_user_transactions_endpoint" time="0.083" /><testcase classname="backend.tests.test_iteration8.TestTransactions" name="test_transactions_have_type_field" time="0.072" /><testcase classname="backend.tests.test_iteration8.TestCompanyBankInfo" name="test_company_bank_info_endpoint" time="0.039" /><testcase classname="backend.tests.test_iteration8.TestBrokers" name="test_brokers_endpoint" time="0.035" /><testcase classname="backend.tests.test_iteration8.TestHealthCheck" name="test_health_endpoint" time="0.079" /></testsuite></testsuites>