<?xml version="1.0" encoding="utf-8"?><testsuites name="pytest tests"><testsuite name="pytest" errors="0" failures="1" skipped="1" tests="11" time="1.554" timestamp="2026-01-23T12:59:03.137928+00:00" hostname="agent-env-2c08a547-dbaa-4542-a995-02697d0c2ba0"><testcase classname="backend.tests.test_iteration5.TestHealthAndAuth" name="test_health_endpoint" time="0.273" /><testcase classname="backend.tests.test_iteration5.TestHealthAndAuth" name="test_admin_login" time="0.050" /><testcase classname="backend.tests.test_iteration5.TestAdminSettings" name="test_get_admin_settings" time="0.087"><failure message="AssertionError: assert ('company_name' in {'brokers': [{'account_template': 'XXXX-XXXX-XXXX', 'broker_id': 'broker_6e4cfa25', 'instructions': {'ru': 'Укажите ваш брокерский счёт Freedom Finance'}, 'is_active': True, ...}], 'setting_id': 'admin_settings'} or {'brokers': [...min_settings'} == {}&#10;  &#10;  Left contains 2 more items:&#10;  {'brokers': [{'account_template': 'XXXX-XXXX-XXXX',&#10;                'broker_id': 'broker_6e4cfa25',&#10;                'instructions': {'ru': 'Укажите ваш брокерский счёт Freedom '&#10;                                       'Finance'},&#10;                'is_active': True,...&#10;  &#10;  ...Full output truncated (19 lines hidden), use '-vv' to show)">backend/tests/test_iteration5.py:65: in test_get_admin_settings
    assert "company_name" in data or data == {}
E   AssertionError: assert ('company_name' in {'brokers': [{'account_template': 'XXXX-XXXX-XXXX', 'broker_id': 'broker_6e4cfa25', 'instructions': {'ru': 'Укажите ваш брокерский счёт Freedom Finance'}, 'is_active': True, ...}], 'setting_id': 'admin_settings'} or {'brokers': [...min_settings'} == {}
E     
E     Left contains 2 more items:
E     {'brokers': [{'account_template': 'XXXX-XXXX-XXXX',
E                   'broker_id': 'broker_6e4cfa25',
E                   'instructions': {'ru': 'Укажите ваш брокерский счёт Freedom '
E                                          'Finance'},
E                   'is_active': True,...
E     
E     ...Full output truncated (19 lines hidden), use '-vv' to show)</failure></testcase><testcase classname="backend.tests.test_iteration5.TestAdminSettings" name="test_update_admin_settings_with_signature" time="0.176" /><testcase classname="backend.tests.test_iteration5.TestPortfolioWithProfitAccrual" name="test_get_portfolios" time="0.083" /><testcase classname="backend.tests.test_iteration5.TestPortfolioWithProfitAccrual" name="test_create_portfolio_with_profit_accrual" time="0.117" /><testcase classname="backend.tests.test_iteration5.TestPortfolioWithProfitAccrual" name="test_update_portfolio_profit_accrual" time="0.154" /><testcase classname="backend.tests.test_iteration5.TestPortfolioWithProfitAccrual" name="test_cleanup_test_portfolios" time="0.127" /><testcase classname="backend.tests.test_iteration5.TestInvestmentAndContract" name="test_get_user_investments" time="0.157" /><testcase classname="backend.tests.test_iteration5.TestInvestmentAndContract" name="test_contract_pdf_generation" time="0.114"><skipped type="pytest.skip" message="No investments available for PDF test">/app/backend/tests/test_iteration5.py:286: No investments available for PDF test</skipped></testcase><testcase classname="backend.tests.test_iteration5.TestBrokers" name="test_get_brokers" time="0.127" /></testsuite></testsuites>