<?xml version="1.0" encoding="utf-8"?><testsuites name="pytest tests"><testsuite name="pytest" errors="0" failures="0" skipped="0" tests="13" time="0.954" timestamp="2026-01-23T16:50:54.693172+00:00" hostname="agent-env-2ff0a5b5-6e4c-494c-98bc-293e9027dfe5"><testcase classname="backend.tests.test_iteration9.TestHealthAndAuth" name="test_health_endpoint" time="0.076" /><testcase classname="backend.tests.test_iteration9.TestHealthAndAuth" name="test_admin_login" time="0.050" /><testcase classname="backend.tests.test_iteration9.TestSchedulerEndpoints" name="test_scheduler_status_requires_auth" time="0.041" /><testcase classname="backend.tests.test_iteration9.TestSchedulerEndpoints" name="test_scheduler_status_returns_running" time="0.082" /><testcase classname="backend.tests.test_iteration9.TestSchedulerEndpoints" name="test_scheduler_run_now_requires_auth" time="0.035" /><testcase classname="backend.tests.test_iteration9.TestSchedulerEndpoints" name="test_scheduler_run_now_works" time="0.092" /><testcase classname="backend.tests.test_iteration9.TestProfitAnalytics" name="test_profit_analytics_requires_auth" time="0.037" /><testcase classname="backend.tests.test_iteration9.TestProfitAnalytics" name="test_profit_analytics_returns_monthly_data" time="0.087" /><testcase classname="backend.tests.test_iteration9.TestPreviousFeatures" name="test_login_returns_account_number" time="0.043" /><testcase classname="backend.tests.test_iteration9.TestPreviousFeatures" name="test_get_me_returns_account_number" time="0.074" /><testcase classname="backend.tests.test_iteration9.TestPreviousFeatures" name="test_transactions_have_type_field" time="0.076" /><testcase classname="backend.tests.test_iteration9.TestPreviousFeatures" name="test_portfolios_have_expected_return" time="0.077" /><testcase classname="backend.tests.test_iteration9.TestAdminDashboard" name="test_admin_dashboard_endpoint" time="0.079" /></testsuite></testsuites>