<?xml version="1.0" encoding="utf-8"?><testsuites name="pytest tests"><testsuite name="pytest" errors="0" failures="0" skipped="0" tests="5" time="0.575" timestamp="2026-01-26T20:19:38.779680+00:00" hostname="agent-env-a56d0b33-43d6-4005-8ace-21b81b659edc"><testcase classname="tests.test_remaining_profit.TestRemainingProfitAPI" name="test_admin_users_endpoint_returns_paid_and_remaining_profit" time="0.120" /><testcase classname="tests.test_remaining_profit.TestRemainingProfitAPI" name="test_investments_endpoint_returns_paid_and_remaining_profit" time="0.085" /><testcase classname="tests.test_remaining_profit.TestRemainingProfitAPI" name="test_terminate_investment_calculates_correct_payout" time="0.100" /><testcase classname="tests.test_remaining_profit.TestTerminationEndpoint" name="test_terminate_endpoint_returns_correct_fields" time="0.120" /><testcase classname="tests.test_remaining_profit.TestTerminationEndpoint" name="test_terminate_without_payout_requires_reason" time="0.098" /></testsuite></testsuites>