<?xml version="1.0" encoding="utf-8"?><testsuites name="pytest tests"><testsuite name="pytest" errors="0" failures="0" skipped="0" tests="15" time="1.647" timestamp="2026-01-23T12:12:21.569708+00:00" hostname="agent-env-2c08a547-dbaa-4542-a995-02697d0c2ba0"><testcase classname="backend.tests.test_deposit_withdrawal.TestBrokersAPI" name="test_get_brokers_returns_list" time="0.097" /><testcase classname="backend.tests.test_deposit_withdrawal.TestBrokersAPI" name="test_broker_has_required_fields" time="0.040" /><testcase classname="backend.tests.test_deposit_withdrawal.TestCompanyBankInfo" name="test_get_company_bank_info" time="0.044" /><testcase classname="backend.tests.test_deposit_withdrawal.TestDepositWithdrawalFlow" name="test_user_create_deposit_request" time="0.099" /><testcase classname="backend.tests.test_deposit_withdrawal.TestDepositWithdrawalFlow" name="test_user_view_deposit_requests" time="0.043" /><testcase classname="backend.tests.test_deposit_withdrawal.TestDepositWithdrawalFlow" name="test_admin_view_deposit_requests" time="0.084" /><testcase classname="backend.tests.test_deposit_withdrawal.TestDepositWithdrawalFlow" name="test_admin_view_pending_deposit_requests" time="0.039" /><testcase classname="backend.tests.test_deposit_withdrawal.TestDepositWithdrawalFlow" name="test_admin_approve_deposit_request" time="0.202" /><testcase classname="backend.tests.test_deposit_withdrawal.TestDepositWithdrawalFlow" name="test_admin_reject_deposit_request" time="0.157" /><testcase classname="backend.tests.test_deposit_withdrawal.TestWithdrawalFlow" name="test_user_create_withdrawal_request" time="0.285" /><testcase classname="backend.tests.test_deposit_withdrawal.TestWithdrawalFlow" name="test_withdrawal_insufficient_balance" time="0.040" /><testcase classname="backend.tests.test_deposit_withdrawal.TestWithdrawalFlow" name="test_user_view_withdrawal_requests" time="0.037" /><testcase classname="backend.tests.test_deposit_withdrawal.TestWithdrawalFlow" name="test_admin_view_withdrawal_requests" time="0.078" /><testcase classname="backend.tests.test_deposit_withdrawal.TestWithdrawalFlow" name="test_admin_approve_withdrawal_request" time="0.157" /><testcase classname="backend.tests.test_deposit_withdrawal.TestExistingPendingRequest" name="test_existing_pending_deposit_exists" time="0.119" /></testsuite></testsuites>