<?xml version="1.0" encoding="utf-8"?><testsuites name="pytest tests"><testsuite name="pytest" errors="0" failures="0" skipped="0" tests="19" time="1.549" timestamp="2026-01-26T13:07:10.238995+00:00" hostname="agent-env-9772835d-e98b-4b49-86d7-2156ef8acbb7"><testcase classname="tests.test_iteration16.TestHealthEndpoint" name="test_health_check" time="0.072" /><testcase classname="tests.test_iteration16.TestAuthEndpoints" name="test_login_success" time="0.060" /><testcase classname="tests.test_iteration16.TestAuthEndpoints" name="test_login_invalid_credentials" time="0.036" /><testcase classname="tests.test_iteration16.TestAdminDashboard" name="test_admin_dashboard_returns_stats" time="0.078" /><testcase classname="tests.test_iteration16.TestAdminDashboard" name="test_admin_dashboard_requires_auth" time="0.069" /><testcase classname="tests.test_iteration16.TestSchedulerEndpoint" name="test_scheduler_status_returns_info" time="0.068" /><testcase classname="tests.test_iteration16.TestSchedulerEndpoint" name="test_scheduler_status_requires_admin" time="0.069" /><testcase classname="tests.test_iteration16.TestExchangeRatesEndpoint" name="test_exchange_rates_returns_rates" time="0.233" /><testcase classname="tests.test_iteration16.TestExchangeRatesEndpoint" name="test_exchange_rates_with_base_currency" time="0.201" /><testcase classname="tests.test_iteration16.TestPortfoliosEndpoint" name="test_portfolios_returns_list" time="0.035" /><testcase classname="tests.test_iteration16.TestPortfoliosEndpoint" name="test_portfolios_featured" time="0.031" /><testcase classname="tests.test_iteration16.TestPortfoliosEndpoint" name="test_portfolio_by_id" time="0.071" /><testcase classname="tests.test_iteration16.TestPortfoliosEndpoint" name="test_portfolio_not_found" time="0.033" /><testcase classname="tests.test_iteration16.TestAdminUsersEndpoint" name="test_admin_users_list" time="0.069" /><testcase classname="tests.test_iteration16.TestAdminUsersEndpoint" name="test_admin_users_requires_auth" time="0.075" /><testcase classname="tests.test_iteration16.TestAdminPortfoliosEndpoint" name="test_admin_portfolios_list" time="0.067" /><testcase classname="tests.test_iteration16.TestUserEndpoints" name="test_auth_me" time="0.063" /><testcase classname="tests.test_iteration16.TestUserEndpoints" name="test_user_transactions" time="0.074" /><testcase classname="tests.test_iteration16.TestUserEndpoints" name="test_user_investments" time="0.073" /></testsuite></testsuites>